<?xml version="1.0" encoding="UTF-8"?>
<!-- Generated by org.testng.reporters.JUnitReportReporter -->
<testsuite hostname="system4-PC" name="package1.Frames_Test" tests="1" failures="0" timestamp="5 Sep 2015 11:02:36 GMT" time="10.895" errors="0">
  <testcase name="f" time="10.895" classname="package1.Frames_Test"/>
</testsuite> <!-- package1.Frames_Test -->
