<?xml version="1.0" encoding="UTF-8"?>
<!-- Generated by org.testng.reporters.JUnitReportReporter -->
<testsuite hostname="system4-PC" name="package1.Facebook" tests="1" failures="0" timestamp="6 Sep 2015 08:10:47 GMT" time="7.670" errors="0">
  <testcase name="testFrames_Test" time="7.670" classname="package1.Facebook"/>
</testsuite> <!-- package1.Facebook -->
